2021-12-21 09:55:16,071 [main] INFO  com.configuration.Base (BaseTest.java:24)- starting setUp
2021-12-21 09:55:27,203 [main] INFO  com.configuration.Base (Base.java:92)- ending initialisation
2021-12-21 09:55:27,207 [main] INFO  com.configuration.Base (BaseTest.java:28)- ending setUp
2021-12-21 09:55:27,221 [main] INFO  com.configuration.Base (LoginTest.java:11)- starting verifyForgotPasswordButtonTest
2021-12-21 09:55:27,306 [main] INFO  com.configuration.Base (LoginTest.java:14)- ending verifyForgotPasswordButtonTest
2021-12-21 09:55:27,319 [main] INFO  com.configuration.Base (BaseTest.java:33)- starting tearDown
2021-12-21 09:55:27,555 [main] INFO  com.configuration.Base (BaseTest.java:35)- ending tearDown
2021-12-21 09:55:27,600 [main] INFO  com.configuration.Base (BaseTest.java:40)- starting sendEmailWithExtentReport
2021-12-21 09:56:13,471 [TestNG-test=Test-2] INFO  com.configuration.Base (BaseTest.java:24)- starting setUp
2021-12-21 09:56:13,474 [TestNG-test=Test-1] INFO  com.configuration.Base (BaseTest.java:24)- starting setUp
2021-12-21 09:56:34,901 [TestNG-test=Test-4] INFO  com.configuration.Base (Base.java:92)- ending initialisation
2021-12-21 09:56:34,914 [TestNG-test=Test-4] INFO  com.configuration.Base (BaseTest.java:28)- ending setUp
2021-12-21 09:56:35,034 [TestNG-test=Test-4] INFO  com.configuration.Base (HomeTest.java:11)- starting homePageTitleTest
2021-12-21 09:56:36,013 [TestNG-test=Test-3] INFO  com.configuration.Base (Base.java:92)- ending initialisation
2021-12-21 09:56:36,015 [TestNG-test=Test-3] INFO  com.configuration.Base (BaseTest.java:28)- ending setUp
2021-12-21 09:56:36,032 [TestNG-test=Test-3] INFO  com.configuration.Base (HomeTest.java:19)- starting homePageLogoTest
2021-12-21 09:56:36,885 [TestNG-test=Test-1] INFO  com.configuration.Base (Base.java:92)- ending initialisation
2021-12-21 09:56:36,888 [TestNG-test=Test-1] INFO  com.configuration.Base (BaseTest.java:28)- ending setUp
2021-12-21 09:56:36,901 [TestNG-test=Test-1] INFO  com.configuration.Base (LoginTest.java:11)- starting verifyForgotPasswordButtonTest
2021-12-21 09:56:37,257 [TestNG-test=Test-1] INFO  com.configuration.Base (LoginTest.java:14)- ending verifyForgotPasswordButtonTest
2021-12-21 09:56:37,278 [TestNG-test=Test-1] INFO  com.configuration.Base (BaseTest.java:33)- starting tearDown
2021-12-21 09:56:38,347 [TestNG-test=Test-2] INFO  com.configuration.Base (Base.java:92)- ending initialisation
2021-12-21 09:56:38,348 [TestNG-test=Test-2] INFO  com.configuration.Base (BaseTest.java:28)- ending setUp
2021-12-21 09:56:38,355 [TestNG-test=Test-2] INFO  com.configuration.Base (LoginTest.java:18)- starting verifyLoginTest
2021-12-21 09:56:41,587 [TestNG-test=Test-2] INFO  com.configuration.Base (LoginTest.java:24)- ending verifyLoginTest
2021-12-21 09:56:41,595 [TestNG-test=Test-2] INFO  com.configuration.Base (BaseTest.java:33)- starting tearDown
2021-12-21 09:56:42,666 [TestNG-test=Test-1] INFO  com.configuration.Base (BaseTest.java:35)- ending tearDown
2021-12-21 09:56:43,153 [TestNG-test=Test-2] INFO  com.configuration.Base (BaseTest.java:35)- ending tearDown
2021-12-21 09:56:44,433 [TestNG-test=Test-4] INFO  com.configuration.Base (HomeTest.java:15)- ending homePageTitleTest
2021-12-21 09:56:44,437 [TestNG-test=Test-4] INFO  com.configuration.Base (BaseTest.java:33)- starting tearDown
2021-12-21 09:56:44,741 [TestNG-test=Test-3] INFO  com.configuration.Base (HomeTest.java:23)- ending homePageLogoTest
2021-12-21 09:56:44,751 [TestNG-test=Test-3] INFO  com.configuration.Base (BaseTest.java:33)- starting tearDown
2021-12-21 09:56:44,993 [TestNG-test=Test-3] INFO  com.configuration.Base (BaseTest.java:35)- ending tearDown
2021-12-21 09:56:49,101 [TestNG-test=Test-4] INFO  com.configuration.Base (BaseTest.java:35)- ending tearDown
2021-12-21 09:56:49,866 [main] INFO  com.configuration.Base (BaseTest.java:40)- starting sendEmailWithExtentReport
2021-12-21 09:56:57,119 [main] INFO  com.configuration.Base (BaseTest.java:51)- ending sendEmailWithExtentReport
2022-01-04 22:36:38,136 [main] INFO  com.configuration.Base (BaseTest.java:24)- starting setUp
2022-01-04 22:36:54,137 [main] INFO  com.configuration.Base (Base.java:92)- ending initialisation
2022-01-04 22:36:54,144 [main] INFO  com.configuration.Base (BaseTest.java:28)- ending setUp
2022-01-04 22:36:54,160 [main] INFO  com.configuration.Base (LoginTest.java:11)- starting verifyForgotPasswordButtonTest
2022-01-04 22:36:54,263 [main] INFO  com.configuration.Base (LoginTest.java:14)- ending verifyForgotPasswordButtonTest
2022-01-04 22:36:54,271 [main] INFO  com.configuration.Base (BaseTest.java:33)- starting tearDown
2022-01-04 22:36:54,492 [main] INFO  com.configuration.Base (BaseTest.java:35)- ending tearDown
2022-01-04 22:36:54,590 [main] INFO  com.configuration.Base (BaseTest.java:40)- starting sendEmailWithExtentReport
2022-03-24 12:30:55,979 [TestNG-test=Test-2] INFO  com.configuration.Base (BaseTest.java:24)- starting setUp
2022-03-24 12:30:55,979 [TestNG-test=Test-1] INFO  com.configuration.Base (BaseTest.java:24)- starting setUp
2022-03-24 12:31:18,377 [TestNG-test=Test-1] INFO  com.configuration.Base (Base.java:92)- ending initialisation
2022-03-24 12:31:18,382 [TestNG-test=Test-1] INFO  com.configuration.Base (BaseTest.java:28)- ending setUp
2022-03-24 12:31:18,443 [TestNG-test=Test-1] INFO  com.configuration.Base (LoginTest.java:11)- starting verifyForgotPasswordButtonTest
2022-03-24 12:31:18,573 [TestNG-test=Test-1] INFO  com.configuration.Base (BaseTest.java:33)- starting tearDown
2022-03-24 12:31:18,926 [TestNG-test=Test-1] INFO  com.configuration.Base (BaseTest.java:35)- ending tearDown
2022-03-24 12:31:18,928 [TestNG-test=Test-1] INFO  com.configuration.Base (BaseTest.java:24)- starting setUp
2022-03-24 12:31:23,638 [TestNG-test=Test-2] INFO  com.configuration.Base (Base.java:92)- ending initialisation
2022-03-24 12:31:23,639 [TestNG-test=Test-2] INFO  com.configuration.Base (BaseTest.java:28)- ending setUp
2022-03-24 12:31:23,652 [TestNG-test=Test-2] INFO  com.configuration.Base (LoginTest.java:18)- starting verifyLoginTest
2022-03-24 12:31:26,561 [TestNG-test=Test-2] INFO  com.configuration.Base (LoginTest.java:24)- ending verifyLoginTest
2022-03-24 12:31:26,566 [TestNG-test=Test-2] INFO  com.configuration.Base (BaseTest.java:33)- starting tearDown
2022-03-24 12:31:26,844 [TestNG-test=Test-2] INFO  com.configuration.Base (BaseTest.java:35)- ending tearDown
2022-03-24 12:31:30,298 [TestNG-test=Test-1] INFO  com.configuration.Base (Base.java:92)- ending initialisation
2022-03-24 12:31:30,299 [TestNG-test=Test-1] INFO  com.configuration.Base (BaseTest.java:28)- ending setUp
2022-03-24 12:31:30,304 [TestNG-test=Test-1] INFO  com.configuration.Base (LoginTest.java:11)- starting verifyForgotPasswordButtonTest
2022-03-24 12:31:31,048 [TestNG-test=Test-1] INFO  com.configuration.Base (BaseTest.java:33)- starting tearDown
2022-03-24 12:31:31,249 [TestNG-test=Test-1] INFO  com.configuration.Base (BaseTest.java:35)- ending tearDown
2022-03-24 12:31:32,116 [main] INFO  com.configuration.Base (BaseTest.java:40)- starting sendEmailWithExtentReport
2022-03-24 12:31:45,551 [main] INFO  com.configuration.Base (BaseTest.java:51)- ending sendEmailWithExtentReport
2022-03-24 12:40:39,501 [TestNG-test=Test-2] INFO  com.configuration.Base (BaseTest.java:24)- starting setUp
2022-03-24 12:40:39,501 [TestNG-test=Test-1] INFO  com.configuration.Base (BaseTest.java:24)- starting setUp
2022-03-24 12:40:58,971 [TestNG-test=Test-2] INFO  com.configuration.Base (Base.java:92)- ending initialisation
2022-03-24 12:40:58,977 [TestNG-test=Test-2] INFO  com.configuration.Base (BaseTest.java:28)- ending setUp
2022-03-24 12:40:59,020 [TestNG-test=Test-2] INFO  com.configuration.Base (LoginTest.java:18)- starting verifyLoginTest
2022-03-24 12:41:00,489 [TestNG-test=Test-1] INFO  com.configuration.Base (Base.java:92)- ending initialisation
2022-03-24 12:41:00,492 [TestNG-test=Test-1] INFO  com.configuration.Base (BaseTest.java:28)- ending setUp
2022-03-24 12:41:00,501 [TestNG-test=Test-1] INFO  com.configuration.Base (LoginTest.java:11)- starting verifyForgotPasswordButtonTest
2022-03-24 12:41:00,599 [TestNG-test=Test-1] INFO  com.configuration.Base (BaseTest.java:33)- starting tearDown
2022-03-24 12:41:00,822 [TestNG-test=Test-1] INFO  com.configuration.Base (BaseTest.java:35)- ending tearDown
2022-03-24 12:41:00,825 [TestNG-test=Test-1] INFO  com.configuration.Base (BaseTest.java:24)- starting setUp
2022-03-24 12:41:01,849 [TestNG-test=Test-2] INFO  com.configuration.Base (LoginTest.java:24)- ending verifyLoginTest
2022-03-24 12:41:01,857 [TestNG-test=Test-2] INFO  com.configuration.Base (BaseTest.java:33)- starting tearDown
2022-03-24 12:41:02,037 [TestNG-test=Test-2] INFO  com.configuration.Base (BaseTest.java:35)- ending tearDown
2022-03-24 12:41:09,235 [TestNG-test=Test-1] INFO  com.configuration.Base (Base.java:92)- ending initialisation
2022-03-24 12:41:09,236 [TestNG-test=Test-1] INFO  com.configuration.Base (BaseTest.java:28)- ending setUp
2022-03-24 12:41:09,247 [TestNG-test=Test-1] INFO  com.configuration.Base (LoginTest.java:11)- starting verifyForgotPasswordButtonTest
2022-03-24 12:41:10,022 [TestNG-test=Test-1] INFO  com.configuration.Base (BaseTest.java:33)- starting tearDown
2022-03-24 12:41:10,261 [TestNG-test=Test-1] INFO  com.configuration.Base (BaseTest.java:35)- ending tearDown
2022-03-24 12:41:11,051 [main] INFO  com.configuration.Base (BaseTest.java:40)- starting sendEmailWithExtentReport
2022-03-24 12:41:20,173 [main] INFO  com.configuration.Base (BaseTest.java:51)- ending sendEmailWithExtentReport
2022-03-24 12:55:54,156 [TestNG-test=Test-1] INFO  com.configuration.Base (BaseTest.java:24)- starting setUp
2022-03-24 12:55:54,156 [TestNG-test=Test-2] INFO  com.configuration.Base (BaseTest.java:24)- starting setUp
2022-03-24 12:56:12,462 [TestNG-test=Test-1] INFO  com.configuration.Base (Base.java:92)- ending initialisation
2022-03-24 12:56:12,475 [TestNG-test=Test-1] INFO  com.configuration.Base (BaseTest.java:28)- ending setUp
2022-03-24 12:56:12,593 [TestNG-test=Test-1] INFO  com.configuration.Base (LoginTest.java:11)- starting verifyForgotPasswordButtonTest
2022-03-24 12:56:13,019 [TestNG-test=Test-1] INFO  com.configuration.Base (BaseTest.java:33)- starting tearDown
2022-03-24 12:56:13,348 [TestNG-test=Test-1] INFO  com.configuration.Base (BaseTest.java:35)- ending tearDown
2022-03-24 12:56:13,351 [TestNG-test=Test-1] INFO  com.configuration.Base (BaseTest.java:24)- starting setUp
2022-03-24 12:56:17,318 [TestNG-test=Test-2] INFO  com.configuration.Base (Base.java:92)- ending initialisation
2022-03-24 12:56:17,324 [TestNG-test=Test-2] INFO  com.configuration.Base (BaseTest.java:28)- ending setUp
2022-03-24 12:56:17,348 [TestNG-test=Test-2] INFO  com.configuration.Base (LoginTest.java:18)- starting verifyLoginTest
2022-03-24 12:56:21,342 [TestNG-test=Test-2] INFO  com.configuration.Base (LoginTest.java:24)- ending verifyLoginTest
2022-03-24 12:56:21,346 [TestNG-test=Test-2] INFO  com.configuration.Base (BaseTest.java:33)- starting tearDown
2022-03-24 12:56:21,441 [TestNG-test=Test-2] INFO  com.configuration.Base (BaseTest.java:35)- ending tearDown
2022-03-24 12:56:25,407 [TestNG-test=Test-1] INFO  com.configuration.Base (Base.java:92)- ending initialisation
2022-03-24 12:56:25,408 [TestNG-test=Test-1] INFO  com.configuration.Base (BaseTest.java:28)- ending setUp
2022-03-24 12:56:25,411 [TestNG-test=Test-1] INFO  com.configuration.Base (LoginTest.java:11)- starting verifyForgotPasswordButtonTest
2022-03-24 12:56:26,189 [TestNG-test=Test-1] INFO  com.configuration.Base (BaseTest.java:33)- starting tearDown
2022-03-24 12:56:26,356 [TestNG-test=Test-1] INFO  com.configuration.Base (BaseTest.java:35)- ending tearDown
2022-03-24 12:56:27,033 [main] INFO  com.configuration.Base (BaseTest.java:40)- starting sendEmailWithExtentReport
2022-03-24 12:56:36,262 [main] INFO  com.configuration.Base (BaseTest.java:51)- ending sendEmailWithExtentReport
2022-03-24 18:21:04,159 [TestNG-test=Test-2] INFO  com.configuration.Base (BaseTest.java:24)- starting setUp
2022-03-24 18:21:04,159 [TestNG-test=Test-1] INFO  com.configuration.Base (BaseTest.java:24)- starting setUp
2022-03-24 18:21:24,919 [TestNG-test=Test-2] INFO  com.configuration.Base (Base.java:92)- ending initialisation
2022-03-24 18:21:24,928 [TestNG-test=Test-2] INFO  com.configuration.Base (BaseTest.java:28)- ending setUp
2022-03-24 18:21:25,017 [TestNG-test=Test-2] INFO  com.configuration.Base (LoginTest.java:18)- starting verifyLoginTest
2022-03-24 18:21:27,613 [TestNG-test=Test-1] INFO  com.configuration.Base (Base.java:92)- ending initialisation
2022-03-24 18:21:27,615 [TestNG-test=Test-1] INFO  com.configuration.Base (BaseTest.java:28)- ending setUp
2022-03-24 18:21:27,641 [TestNG-test=Test-1] INFO  com.configuration.Base (LoginTest.java:11)- starting verifyForgotPasswordButtonTest
2022-03-24 18:21:27,833 [TestNG-test=Test-1] INFO  com.configuration.Base (BaseTest.java:33)- starting tearDown
2022-03-24 18:21:28,512 [TestNG-test=Test-2] INFO  com.configuration.Base (LoginTest.java:24)- ending verifyLoginTest
2022-03-24 18:21:28,525 [TestNG-test=Test-2] INFO  com.configuration.Base (BaseTest.java:33)- starting tearDown
2022-03-24 18:21:29,188 [TestNG-test=Test-2] INFO  com.configuration.Base (BaseTest.java:35)- ending tearDown
2022-03-24 18:21:29,193 [TestNG-test=Test-1] INFO  com.configuration.Base (BaseTest.java:35)- ending tearDown
2022-03-24 18:21:29,196 [TestNG-test=Test-1] INFO  com.configuration.Base (BaseTest.java:24)- starting setUp
2022-03-24 18:21:39,166 [TestNG-test=Test-1] INFO  com.configuration.Base (Base.java:92)- ending initialisation
2022-03-24 18:21:39,167 [TestNG-test=Test-1] INFO  com.configuration.Base (BaseTest.java:28)- ending setUp
2022-03-24 18:21:39,178 [TestNG-test=Test-1] INFO  com.configuration.Base (LoginTest.java:11)- starting verifyForgotPasswordButtonTest
2022-03-24 18:21:40,154 [TestNG-test=Test-1] INFO  com.configuration.Base (BaseTest.java:33)- starting tearDown
2022-03-24 18:21:40,519 [TestNG-test=Test-1] INFO  com.configuration.Base (BaseTest.java:35)- ending tearDown
2022-03-24 18:21:41,834 [main] INFO  com.configuration.Base (BaseTest.java:40)- starting sendEmailWithExtentReport
2022-03-24 18:21:50,235 [main] INFO  com.configuration.Base (BaseTest.java:51)- ending sendEmailWithExtentReport
2022-03-24 18:23:53,732 [TestNG-test=Test-2] INFO  com.configuration.Base (BaseTest.java:24)- starting setUp
2022-03-24 18:23:53,726 [TestNG-test=Test-1] INFO  com.configuration.Base (BaseTest.java:24)- starting setUp
2022-03-24 18:24:18,366 [TestNG-test=Test-1] INFO  com.configuration.Base (Base.java:92)- ending initialisation
2022-03-24 18:24:18,375 [TestNG-test=Test-1] INFO  com.configuration.Base (BaseTest.java:28)- ending setUp
2022-03-24 18:24:18,542 [TestNG-test=Test-1] INFO  com.configuration.Base (LoginTest.java:11)- starting verifyForgotPasswordButtonTest
2022-03-24 18:24:19,054 [TestNG-test=Test-1] INFO  com.configuration.Base (LoginTest.java:14)- ending verifyForgotPasswordButtonTest
2022-03-24 18:24:19,075 [TestNG-test=Test-1] INFO  com.configuration.Base (BaseTest.java:33)- starting tearDown
2022-03-24 18:24:19,297 [TestNG-test=Test-2] INFO  com.configuration.Base (Base.java:92)- ending initialisation
2022-03-24 18:24:19,303 [TestNG-test=Test-2] INFO  com.configuration.Base (BaseTest.java:28)- ending setUp
2022-03-24 18:24:19,319 [TestNG-test=Test-2] INFO  com.configuration.Base (LoginTest.java:18)- starting verifyLoginTest
2022-03-24 18:24:20,501 [TestNG-test=Test-3] INFO  com.configuration.Base (Base.java:92)- ending initialisation
2022-03-24 18:24:20,504 [TestNG-test=Test-3] INFO  com.configuration.Base (BaseTest.java:28)- ending setUp
2022-03-24 18:24:20,520 [TestNG-test=Test-3] INFO  com.configuration.Base (HomeTest.java:19)- starting homePageLogoTest
2022-03-24 18:24:21,252 [TestNG-test=Test-4] INFO  com.configuration.Base (Base.java:92)- ending initialisation
2022-03-24 18:24:21,255 [TestNG-test=Test-4] INFO  com.configuration.Base (BaseTest.java:28)- ending setUp
2022-03-24 18:24:21,269 [TestNG-test=Test-4] INFO  com.configuration.Base (HomeTest.java:11)- starting homePageTitleTest
2022-03-24 18:24:23,438 [TestNG-test=Test-1] INFO  com.configuration.Base (BaseTest.java:35)- ending tearDown
2022-03-24 18:24:24,908 [TestNG-test=Test-2] INFO  com.configuration.Base (LoginTest.java:24)- ending verifyLoginTest
2022-03-24 18:24:24,917 [TestNG-test=Test-2] INFO  com.configuration.Base (BaseTest.java:33)- starting tearDown
2022-03-24 18:24:25,144 [TestNG-test=Test-2] INFO  com.configuration.Base (BaseTest.java:35)- ending tearDown
2022-03-24 18:24:28,558 [TestNG-test=Test-3] INFO  com.configuration.Base (HomeTest.java:23)- ending homePageLogoTest
2022-03-24 18:24:28,562 [TestNG-test=Test-3] INFO  com.configuration.Base (BaseTest.java:33)- starting tearDown
2022-03-24 18:24:28,744 [TestNG-test=Test-3] INFO  com.configuration.Base (BaseTest.java:35)- ending tearDown
2022-03-24 18:24:29,544 [TestNG-test=Test-4] INFO  com.configuration.Base (HomeTest.java:15)- ending homePageTitleTest
2022-03-24 18:24:29,548 [TestNG-test=Test-4] INFO  com.configuration.Base (BaseTest.java:33)- starting tearDown
2022-03-24 18:24:29,740 [TestNG-test=Test-4] INFO  com.configuration.Base (BaseTest.java:35)- ending tearDown
2022-03-24 18:24:30,843 [main] INFO  com.configuration.Base (BaseTest.java:40)- starting sendEmailWithExtentReport
2022-03-24 18:24:37,051 [main] INFO  com.configuration.Base (BaseTest.java:51)- ending sendEmailWithExtentReport
2022-03-31 15:15:17,363 [main] INFO  com.configuration.Base (BaseTest.java:24)- starting setUp
2022-03-31 15:15:29,418 [main] INFO  com.configuration.Base (Base.java:92)- ending initialisation
2022-03-31 15:15:29,419 [main] INFO  com.configuration.Base (BaseTest.java:28)- ending setUp
2022-03-31 15:15:29,423 [main] INFO  com.configuration.Base (HomeTest.java:11)- starting homePageTitleTest
2022-03-31 15:15:31,475 [main] INFO  com.configuration.Base (HomeTest.java:15)- ending homePageTitleTest
2022-03-31 15:15:31,480 [main] INFO  com.configuration.Base (BaseTest.java:33)- starting tearDown
2022-03-31 15:15:31,560 [main] INFO  com.configuration.Base (BaseTest.java:35)- ending tearDown
2022-03-31 15:15:31,585 [main] INFO  com.configuration.Base (BaseTest.java:40)- starting sendEmailWithExtentReport
2022-03-31 15:24:55,463 [main] INFO  com.configuration.Base (BaseTest.java:24)- starting setUp
2022-03-31 15:24:56,028 [main] INFO  com.configuration.Base (BaseTest.java:40)- starting sendEmailWithExtentReport
2022-03-31 15:28:49,400 [main] INFO  com.configuration.Base (BaseTest.java:24)- starting setUp
2022-03-31 15:28:59,927 [main] INFO  com.configuration.Base (Base.java:92)- ending initialisation
2022-03-31 15:28:59,930 [main] INFO  com.configuration.Base (BaseTest.java:28)- ending setUp
2022-03-31 15:28:59,940 [main] INFO  com.configuration.Base (HomeTest.java:19)- starting homePageLogoTest
2022-03-31 15:29:30,174 [main] INFO  com.configuration.Base (BaseTest.java:24)- starting setUp
2022-03-31 15:29:37,764 [main] INFO  com.configuration.Base (Base.java:92)- ending initialisation
2022-03-31 15:29:37,767 [main] INFO  com.configuration.Base (BaseTest.java:28)- ending setUp
2022-03-31 15:29:37,776 [main] INFO  com.configuration.Base (HomeTest.java:11)- starting homePageTitleTest
2022-03-31 15:29:39,650 [main] INFO  com.configuration.Base (HomeTest.java:15)- ending homePageTitleTest
2022-03-31 15:29:39,655 [main] INFO  com.configuration.Base (BaseTest.java:33)- starting tearDown
2022-03-31 15:29:39,736 [main] INFO  com.configuration.Base (BaseTest.java:35)- ending tearDown
2022-03-31 15:29:39,761 [main] INFO  com.configuration.Base (BaseTest.java:40)- starting sendEmailWithExtentReport
2022-03-31 15:34:49,526 [main] INFO  com.configuration.Base (BaseTest.java:24)- starting setUp
2022-03-31 15:35:00,383 [main] INFO  com.configuration.Base (Base.java:92)- ending initialisation
2022-03-31 15:35:00,386 [main] INFO  com.configuration.Base (BaseTest.java:28)- ending setUp
2022-03-31 15:35:00,396 [main] INFO  com.configuration.Base (LoginTest.java:11)- starting verifyForgotPasswordButtonTest
2022-03-31 15:35:00,441 [main] INFO  com.configuration.Base (LoginTest.java:14)- ending verifyForgotPasswordButtonTest
2022-03-31 15:35:00,443 [main] INFO  com.configuration.Base (BaseTest.java:33)- starting tearDown
2022-03-31 15:35:00,510 [main] INFO  com.configuration.Base (BaseTest.java:35)- ending tearDown
2022-03-31 15:35:00,522 [main] INFO  com.configuration.Base (BaseTest.java:40)- starting sendEmailWithExtentReport
2022-03-31 15:35:06,825 [main] INFO  com.configuration.Base (BaseTest.java:24)- starting setUp
2022-03-31 15:35:15,437 [main] INFO  com.configuration.Base (Base.java:92)- ending initialisation
2022-03-31 15:35:15,439 [main] INFO  com.configuration.Base (BaseTest.java:28)- ending setUp
2022-03-31 15:35:15,446 [main] INFO  com.configuration.Base (LoginTest.java:11)- starting verifyForgotPasswordButtonTest
2022-03-31 15:35:15,499 [main] INFO  com.configuration.Base (LoginTest.java:14)- ending verifyForgotPasswordButtonTest
2022-03-31 15:35:15,502 [main] INFO  com.configuration.Base (BaseTest.java:33)- starting tearDown
2022-03-31 15:35:15,580 [main] INFO  com.configuration.Base (BaseTest.java:35)- ending tearDown
2022-03-31 15:35:15,584 [main] INFO  com.configuration.Base (BaseTest.java:24)- starting setUp
2022-03-31 15:35:28,835 [main] INFO  com.configuration.Base (Base.java:92)- ending initialisation
2022-03-31 15:35:28,836 [main] INFO  com.configuration.Base (BaseTest.java:28)- ending setUp
2022-03-31 15:35:28,838 [main] INFO  com.configuration.Base (LoginTest.java:18)- starting verifyLoginTest
2022-03-31 15:35:30,648 [main] INFO  com.configuration.Base (LoginTest.java:24)- ending verifyLoginTest
2022-03-31 15:35:30,651 [main] INFO  com.configuration.Base (BaseTest.java:33)- starting tearDown
2022-03-31 15:35:30,723 [main] INFO  com.configuration.Base (BaseTest.java:35)- ending tearDown
2022-03-31 15:35:30,752 [main] INFO  com.configuration.Base (BaseTest.java:40)- starting sendEmailWithExtentReport
2022-03-31 15:42:39,389 [TestNG-test=Test-3] INFO  com.configuration.Base (BaseTest.java:24)- starting setUp
2022-03-31 15:42:39,389 [TestNG-test=Test-4] INFO  com.configuration.Base (BaseTest.java:24)- starting setUp
2022-03-31 15:42:49,565 [TestNG-test=Test-4] INFO  com.configuration.Base (Base.java:92)- ending initialisation
2022-03-31 15:42:49,568 [TestNG-test=Test-4] INFO  com.configuration.Base (BaseTest.java:28)- ending setUp
2022-03-31 15:42:49,602 [TestNG-test=Test-4] INFO  com.configuration.Base (HomeTest.java:11)- starting homePageTitleTest
2022-03-31 15:42:51,721 [TestNG-test=Test-4] INFO  com.configuration.Base (HomeTest.java:15)- ending homePageTitleTest
2022-03-31 15:42:51,727 [TestNG-test=Test-4] INFO  com.configuration.Base (BaseTest.java:33)- starting tearDown
2022-03-31 15:42:51,822 [TestNG-test=Test-4] INFO  com.configuration.Base (BaseTest.java:35)- ending tearDown
2022-03-31 15:42:53,899 [TestNG-test=Test-2] INFO  com.configuration.Base (Base.java:92)- ending initialisation
2022-03-31 15:42:53,901 [TestNG-test=Test-2] INFO  com.configuration.Base (BaseTest.java:28)- ending setUp
2022-03-31 15:42:53,904 [TestNG-test=Test-2] INFO  com.configuration.Base (LoginTest.java:18)- starting verifyLoginTest
2022-03-31 15:42:54,497 [TestNG-test=Test-3] INFO  com.configuration.Base (Base.java:92)- ending initialisation
2022-03-31 15:42:54,499 [TestNG-test=Test-3] INFO  com.configuration.Base (BaseTest.java:28)- ending setUp
2022-03-31 15:42:54,503 [TestNG-test=Test-3] INFO  com.configuration.Base (HomeTest.java:19)- starting homePageLogoTest
2022-03-31 15:42:55,002 [TestNG-test=Test-1] INFO  com.configuration.Base (Base.java:92)- ending initialisation
2022-03-31 15:42:55,003 [TestNG-test=Test-1] INFO  com.configuration.Base (BaseTest.java:28)- ending setUp
2022-03-31 15:42:55,005 [TestNG-test=Test-1] INFO  com.configuration.Base (LoginTest.java:11)- starting verifyForgotPasswordButtonTest
2022-03-31 15:42:55,065 [TestNG-test=Test-1] INFO  com.configuration.Base (LoginTest.java:14)- ending verifyForgotPasswordButtonTest
2022-03-31 15:42:55,068 [TestNG-test=Test-1] INFO  com.configuration.Base (BaseTest.java:33)- starting tearDown
2022-03-31 15:42:55,150 [TestNG-test=Test-1] INFO  com.configuration.Base (BaseTest.java:35)- ending tearDown
2022-03-31 15:42:56,373 [TestNG-test=Test-2] INFO  com.configuration.Base (LoginTest.java:24)- ending verifyLoginTest
2022-03-31 15:42:56,376 [TestNG-test=Test-2] INFO  com.configuration.Base (BaseTest.java:33)- starting tearDown
2022-03-31 15:42:56,451 [TestNG-test=Test-2] INFO  com.configuration.Base (BaseTest.java:35)- ending tearDown
2022-03-31 15:43:41,664 [TestNG-test=Test-3] INFO  com.configuration.Base (BaseTest.java:33)- starting tearDown
2022-03-31 15:43:41,743 [TestNG-test=Test-3] INFO  com.configuration.Base (BaseTest.java:35)- ending tearDown
2022-03-31 15:43:41,743 [TestNG-test=Test-3] INFO  com.configuration.Base (BaseTest.java:24)- starting setUp
2022-03-31 15:43:52,203 [TestNG-test=Test-3] INFO  com.configuration.Base (Base.java:92)- ending initialisation
2022-03-31 15:43:52,203 [TestNG-test=Test-3] INFO  com.configuration.Base (BaseTest.java:28)- ending setUp
2022-03-31 15:43:52,204 [TestNG-test=Test-3] INFO  com.configuration.Base (HomeTest.java:19)- starting homePageLogoTest
2022-03-31 15:44:40,408 [TestNG-test=Test-3] INFO  com.configuration.Base (BaseTest.java:33)- starting tearDown
2022-03-31 15:44:40,471 [TestNG-test=Test-3] INFO  com.configuration.Base (BaseTest.java:35)- ending tearDown
2022-03-31 15:44:40,737 [main] INFO  com.configuration.Base (BaseTest.java:40)- starting sendEmailWithExtentReport
2022-03-31 15:52:30,774 [TestNG-test=Test-2] INFO  com.configuration.Base (BaseTest.java:24)- starting setUp
2022-03-31 15:52:30,774 [TestNG-test=Test-1] INFO  com.configuration.Base (BaseTest.java:24)- starting setUp
2022-03-31 15:52:43,084 [TestNG-test=Test-3] INFO  com.configuration.Base (Base.java:92)- ending initialisation
2022-03-31 15:52:43,086 [TestNG-test=Test-3] INFO  com.configuration.Base (BaseTest.java:28)- ending setUp
2022-03-31 15:52:43,123 [TestNG-test=Test-3] INFO  com.configuration.Base (HomeTest.java:19)- starting homePageLogoTest
2022-03-31 15:52:45,980 [TestNG-test=Test-4] INFO  com.configuration.Base (Base.java:92)- ending initialisation
2022-03-31 15:52:45,981 [TestNG-test=Test-4] INFO  com.configuration.Base (BaseTest.java:28)- ending setUp
2022-03-31 15:52:45,985 [TestNG-test=Test-4] INFO  com.configuration.Base (HomeTest.java:11)- starting homePageTitleTest
2022-03-31 15:52:46,956 [TestNG-test=Test-1] INFO  com.configuration.Base (Base.java:92)- ending initialisation
2022-03-31 15:52:46,958 [TestNG-test=Test-1] INFO  com.configuration.Base (BaseTest.java:28)- ending setUp
2022-03-31 15:52:46,967 [TestNG-test=Test-1] INFO  com.configuration.Base (LoginTest.java:11)- starting verifyForgotPasswordButtonTest
2022-03-31 15:52:47,036 [TestNG-test=Test-1] INFO  com.configuration.Base (LoginTest.java:14)- ending verifyForgotPasswordButtonTest
2022-03-31 15:52:47,040 [TestNG-test=Test-1] INFO  com.configuration.Base (BaseTest.java:33)- starting tearDown
2022-03-31 15:52:47,124 [TestNG-test=Test-1] INFO  com.configuration.Base (BaseTest.java:35)- ending tearDown
2022-03-31 15:52:48,279 [TestNG-test=Test-4] INFO  com.configuration.Base (HomeTest.java:15)- ending homePageTitleTest
2022-03-31 15:52:48,282 [TestNG-test=Test-4] INFO  com.configuration.Base (BaseTest.java:33)- starting tearDown
2022-03-31 15:52:48,359 [TestNG-test=Test-4] INFO  com.configuration.Base (BaseTest.java:35)- ending tearDown
2022-03-31 15:52:56,619 [TestNG-test=Test-2] INFO  com.configuration.Base (Base.java:92)- ending initialisation
2022-03-31 15:52:56,619 [TestNG-test=Test-2] INFO  com.configuration.Base (BaseTest.java:28)- ending setUp
2022-03-31 15:52:56,622 [TestNG-test=Test-2] INFO  com.configuration.Base (LoginTest.java:18)- starting verifyLoginTest
2022-03-31 15:52:59,416 [TestNG-test=Test-2] INFO  com.configuration.Base (LoginTest.java:24)- ending verifyLoginTest
2022-03-31 15:52:59,417 [TestNG-test=Test-2] INFO  com.configuration.Base (BaseTest.java:33)- starting tearDown
2022-03-31 15:52:59,482 [TestNG-test=Test-2] INFO  com.configuration.Base (BaseTest.java:35)- ending tearDown
2022-03-31 15:53:30,036 [TestNG-test=Test-3] INFO  com.configuration.Base (BaseTest.java:33)- starting tearDown
2022-03-31 15:53:30,113 [TestNG-test=Test-3] INFO  com.configuration.Base (BaseTest.java:35)- ending tearDown
2022-03-31 15:53:30,114 [TestNG-test=Test-3] INFO  com.configuration.Base (BaseTest.java:24)- starting setUp
2022-03-31 15:53:40,566 [TestNG-test=Test-3] INFO  com.configuration.Base (Base.java:92)- ending initialisation
2022-03-31 15:53:40,566 [TestNG-test=Test-3] INFO  com.configuration.Base (BaseTest.java:28)- ending setUp
2022-03-31 15:53:40,569 [TestNG-test=Test-3] INFO  com.configuration.Base (HomeTest.java:19)- starting homePageLogoTest
2022-03-31 15:54:28,679 [TestNG-test=Test-3] INFO  com.configuration.Base (BaseTest.java:33)- starting tearDown
2022-03-31 15:54:28,742 [TestNG-test=Test-3] INFO  com.configuration.Base (BaseTest.java:35)- ending tearDown
2022-03-31 15:54:29,037 [main] INFO  com.configuration.Base (BaseTest.java:40)- starting sendEmailWithExtentReport
2022-03-31 16:03:08,533 [main] INFO  com.configuration.Base (BaseTest.java:24)- starting setUp
2022-03-31 16:03:19,628 [main] INFO  com.configuration.Base (Base.java:92)- ending initialisation
2022-03-31 16:03:19,630 [main] INFO  com.configuration.Base (BaseTest.java:28)- ending setUp
2022-03-31 16:03:19,641 [main] INFO  com.configuration.Base (HomeTest.java:19)- starting homePageLogoTest
2022-03-31 16:03:29,170 [main] INFO  com.configuration.Base (BaseTest.java:33)- starting tearDown
2022-03-31 16:03:29,248 [main] INFO  com.configuration.Base (BaseTest.java:40)- starting sendEmailWithExtentReport
2022-03-31 16:03:35,928 [main] INFO  com.configuration.Base (BaseTest.java:24)- starting setUp
2022-03-31 16:03:50,531 [main] INFO  com.configuration.Base (Base.java:92)- ending initialisation
2022-03-31 16:03:50,534 [main] INFO  com.configuration.Base (BaseTest.java:28)- ending setUp
2022-03-31 16:03:50,544 [main] INFO  com.configuration.Base (HomeTest.java:19)- starting homePageLogoTest
2022-03-31 16:03:56,020 [main] INFO  com.configuration.Base (BaseTest.java:33)- starting tearDown
2022-03-31 16:03:56,116 [main] INFO  com.configuration.Base (BaseTest.java:40)- starting sendEmailWithExtentReport
2022-03-31 16:03:59,860 [main] INFO  com.configuration.Base (BaseTest.java:24)- starting setUp
2022-03-31 16:04:12,940 [main] INFO  com.configuration.Base (Base.java:92)- ending initialisation
2022-03-31 16:04:12,943 [main] INFO  com.configuration.Base (BaseTest.java:28)- ending setUp
2022-03-31 16:04:12,953 [main] INFO  com.configuration.Base (HomeTest.java:11)- starting homePageTitleTest
2022-03-31 16:04:14,996 [main] INFO  com.configuration.Base (HomeTest.java:15)- ending homePageTitleTest
2022-03-31 16:04:14,998 [main] INFO  com.configuration.Base (BaseTest.java:33)- starting tearDown
2022-03-31 16:04:15,068 [main] INFO  com.configuration.Base (BaseTest.java:35)- ending tearDown
2022-03-31 16:04:15,089 [main] INFO  com.configuration.Base (BaseTest.java:40)- starting sendEmailWithExtentReport
2022-03-31 16:19:22,738 [TestNG-test=Test-3] INFO  com.configuration.Base (BaseTest.java:24)- starting setUp
2022-03-31 16:19:22,738 [TestNG-test=Test-4] INFO  com.configuration.Base (BaseTest.java:24)- starting setUp
2022-03-31 16:19:36,225 [TestNG-test=Test-2] INFO  com.configuration.Base (Base.java:92)- ending initialisation
2022-03-31 16:19:36,227 [TestNG-test=Test-2] INFO  com.configuration.Base (BaseTest.java:28)- ending setUp
2022-03-31 16:19:36,259 [TestNG-test=Test-2] INFO  com.configuration.Base (LoginTest.java:18)- starting verifyLoginTest
2022-03-31 16:19:37,013 [TestNG-test=Test-1] INFO  com.configuration.Base (Base.java:92)- ending initialisation
2022-03-31 16:19:37,015 [TestNG-test=Test-1] INFO  com.configuration.Base (BaseTest.java:28)- ending setUp
2022-03-31 16:19:37,017 [TestNG-test=Test-1] INFO  com.configuration.Base (LoginTest.java:11)- starting verifyForgotPasswordButtonTest
2022-03-31 16:19:37,079 [TestNG-test=Test-1] INFO  com.configuration.Base (LoginTest.java:14)- ending verifyForgotPasswordButtonTest
2022-03-31 16:19:37,085 [TestNG-test=Test-1] INFO  com.configuration.Base (BaseTest.java:33)- starting tearDown
2022-03-31 16:19:37,171 [TestNG-test=Test-1] INFO  com.configuration.Base (BaseTest.java:35)- ending tearDown
2022-03-31 16:19:38,633 [TestNG-test=Test-2] INFO  com.configuration.Base (LoginTest.java:24)- ending verifyLoginTest
2022-03-31 16:19:38,635 [TestNG-test=Test-2] INFO  com.configuration.Base (BaseTest.java:33)- starting tearDown
2022-03-31 16:19:38,709 [TestNG-test=Test-2] INFO  com.configuration.Base (BaseTest.java:35)- ending tearDown
2022-03-31 16:19:39,041 [TestNG-test=Test-3] INFO  com.configuration.Base (Base.java:92)- ending initialisation
2022-03-31 16:19:39,041 [TestNG-test=Test-3] INFO  com.configuration.Base (BaseTest.java:28)- ending setUp
2022-03-31 16:19:39,042 [TestNG-test=Test-3] INFO  com.configuration.Base (HomeTest.java:19)- starting homePageLogoTest
2022-03-31 16:19:39,627 [TestNG-test=Test-4] INFO  com.configuration.Base (Base.java:92)- ending initialisation
2022-03-31 16:19:39,628 [TestNG-test=Test-4] INFO  com.configuration.Base (BaseTest.java:28)- ending setUp
2022-03-31 16:19:39,629 [TestNG-test=Test-4] INFO  com.configuration.Base (HomeTest.java:11)- starting homePageTitleTest
2022-03-31 16:19:42,102 [TestNG-test=Test-4] INFO  com.configuration.Base (HomeTest.java:15)- ending homePageTitleTest
2022-03-31 16:19:42,104 [TestNG-test=Test-4] INFO  com.configuration.Base (BaseTest.java:33)- starting tearDown
2022-03-31 16:19:42,174 [TestNG-test=Test-4] INFO  com.configuration.Base (BaseTest.java:35)- ending tearDown
2022-03-31 16:20:25,922 [TestNG-test=Test-3] INFO  com.configuration.Base (BaseTest.java:33)- starting tearDown
2022-03-31 16:20:25,995 [TestNG-test=Test-3] INFO  com.configuration.Base (BaseTest.java:35)- ending tearDown
2022-03-31 16:20:25,997 [TestNG-test=Test-3] INFO  com.configuration.Base (BaseTest.java:24)- starting setUp
2022-03-31 16:20:36,698 [TestNG-test=Test-3] INFO  com.configuration.Base (Base.java:92)- ending initialisation
2022-03-31 16:20:36,699 [TestNG-test=Test-3] INFO  com.configuration.Base (BaseTest.java:28)- ending setUp
2022-03-31 16:20:36,700 [TestNG-test=Test-3] INFO  com.configuration.Base (HomeTest.java:19)- starting homePageLogoTest
2022-03-31 16:21:24,400 [TestNG-test=Test-3] INFO  com.configuration.Base (BaseTest.java:33)- starting tearDown
2022-03-31 16:21:24,465 [TestNG-test=Test-3] INFO  com.configuration.Base (BaseTest.java:35)- ending tearDown
2022-03-31 16:21:24,743 [main] INFO  com.configuration.Base (BaseTest.java:40)- starting sendEmailWithExtentReport
2022-03-31 17:33:58,612 [TestNG-test=Test1-1] INFO  com.configuration.Base (BaseTest.java:24)- starting setUp
2022-03-31 17:33:58,612 [TestNG-test=Test1-2] INFO  com.configuration.Base (BaseTest.java:24)- starting setUp
2022-03-31 17:34:06,852 [TestNG-test=Test1-2] INFO  com.configuration.Base (Base.java:92)- ending initialisation
2022-03-31 17:34:06,861 [TestNG-test=Test1-2] INFO  com.configuration.Base (BaseTest.java:28)- ending setUp
2022-03-31 17:34:06,888 [TestNG-test=Test1-2] INFO  com.configuration.Base (LoginTest.java:18)- starting verifyLoginTest
2022-03-31 17:34:09,191 [TestNG-test=Test1-2] INFO  com.configuration.Base (LoginTest.java:24)- ending verifyLoginTest
2022-03-31 17:34:09,195 [TestNG-test=Test1-2] INFO  com.configuration.Base (BaseTest.java:33)- starting tearDown
2022-03-31 17:34:09,278 [TestNG-test=Test1-2] INFO  com.configuration.Base (BaseTest.java:35)- ending tearDown
2022-03-31 17:34:15,712 [TestNG-test=Test1-1] INFO  com.configuration.Base (Base.java:92)- ending initialisation
2022-03-31 17:34:15,713 [TestNG-test=Test1-1] INFO  com.configuration.Base (BaseTest.java:28)- ending setUp
2022-03-31 17:34:15,716 [TestNG-test=Test1-1] INFO  com.configuration.Base (LoginTest.java:11)- starting verifyForgotPasswordButtonTest
2022-03-31 17:34:15,766 [TestNG-test=Test1-1] INFO  com.configuration.Base (LoginTest.java:14)- ending verifyForgotPasswordButtonTest
2022-03-31 17:34:15,769 [TestNG-test=Test1-1] INFO  com.configuration.Base (BaseTest.java:33)- starting tearDown
2022-03-31 17:34:15,840 [TestNG-test=Test1-1] INFO  com.configuration.Base (BaseTest.java:35)- ending tearDown
2022-03-31 17:34:16,156 [TestNG-test=Test2-1] INFO  com.configuration.Base (BaseTest.java:24)- starting setUp
2022-03-31 17:34:16,164 [TestNG-test=Test2-2] INFO  com.configuration.Base (BaseTest.java:24)- starting setUp
2022-03-31 17:34:26,070 [TestNG-test=Test2-2] INFO  com.configuration.Base (Base.java:92)- ending initialisation
2022-03-31 17:34:26,071 [TestNG-test=Test2-2] INFO  com.configuration.Base (BaseTest.java:28)- ending setUp
2022-03-31 17:34:26,074 [TestNG-test=Test2-2] INFO  com.configuration.Base (HomeTest.java:11)- starting homePageTitleTest
2022-03-31 17:34:30,379 [TestNG-test=Test2-1] INFO  com.configuration.Base (Base.java:92)- ending initialisation
2022-03-31 17:34:30,380 [TestNG-test=Test2-1] INFO  com.configuration.Base (BaseTest.java:28)- ending setUp
2022-03-31 17:34:30,383 [TestNG-test=Test2-1] INFO  com.configuration.Base (HomeTest.java:19)- starting homePageLogoTest
2022-03-31 17:34:33,073 [TestNG-test=Test2-2] INFO  com.configuration.Base (HomeTest.java:15)- ending homePageTitleTest
2022-03-31 17:34:33,075 [TestNG-test=Test2-2] INFO  com.configuration.Base (BaseTest.java:33)- starting tearDown
2022-03-31 17:34:33,147 [TestNG-test=Test2-2] INFO  com.configuration.Base (BaseTest.java:35)- ending tearDown
2022-03-31 17:34:37,638 [TestNG-test=Test2-1] INFO  com.configuration.Base (HomeTest.java:23)- ending homePageLogoTest
2022-03-31 17:34:37,642 [TestNG-test=Test2-1] INFO  com.configuration.Base (BaseTest.java:33)- starting tearDown
2022-03-31 17:34:37,719 [TestNG-test=Test2-1] INFO  com.configuration.Base (BaseTest.java:35)- ending tearDown
2022-03-31 17:34:37,776 [main] INFO  com.configuration.Base (BaseTest.java:40)- starting sendEmailWithExtentReport
2022-03-31 17:35:05,184 [TestNG-test=Test1-1] INFO  com.configuration.Base (BaseTest.java:24)- starting setUp
2022-03-31 17:35:05,184 [TestNG-test=Test1-2] INFO  com.configuration.Base (BaseTest.java:24)- starting setUp
2022-03-31 17:35:57,173 [TestNG-test=Test1-2] INFO  com.configuration.Base (BaseTest.java:24)- starting setUp
2022-03-31 17:35:57,173 [TestNG-test=Test1-1] INFO  com.configuration.Base (BaseTest.java:24)- starting setUp
2022-03-31 17:36:12,299 [TestNG-test=Test1-2] INFO  com.configuration.Base (Base.java:92)- ending initialisation
2022-03-31 17:36:12,303 [TestNG-test=Test1-2] INFO  com.configuration.Base (BaseTest.java:28)- ending setUp
2022-03-31 17:36:12,345 [TestNG-test=Test1-2] INFO  com.configuration.Base (LoginTest.java:18)- starting verifyLoginTest
2022-03-31 17:36:13,737 [TestNG-test=Test1-1] INFO  com.configuration.Base (Base.java:92)- ending initialisation
2022-03-31 17:36:13,738 [TestNG-test=Test1-1] INFO  com.configuration.Base (BaseTest.java:28)- ending setUp
2022-03-31 17:36:13,742 [TestNG-test=Test1-1] INFO  com.configuration.Base (LoginTest.java:11)- starting verifyForgotPasswordButtonTest
2022-03-31 17:36:13,802 [TestNG-test=Test1-1] INFO  com.configuration.Base (LoginTest.java:14)- ending verifyForgotPasswordButtonTest
2022-03-31 17:36:13,809 [TestNG-test=Test1-1] INFO  com.configuration.Base (BaseTest.java:33)- starting tearDown
2022-03-31 17:36:13,892 [TestNG-test=Test1-1] INFO  com.configuration.Base (BaseTest.java:35)- ending tearDown
2022-03-31 17:36:14,728 [TestNG-test=Test1-2] INFO  com.configuration.Base (LoginTest.java:24)- ending verifyLoginTest
2022-03-31 17:36:14,731 [TestNG-test=Test1-2] INFO  com.configuration.Base (BaseTest.java:33)- starting tearDown
2022-03-31 17:36:14,805 [TestNG-test=Test1-2] INFO  com.configuration.Base (BaseTest.java:35)- ending tearDown
2022-03-31 17:36:15,159 [TestNG-test=Test2-2] INFO  com.configuration.Base (BaseTest.java:24)- starting setUp
2022-03-31 17:36:15,159 [TestNG-test=Test2-1] INFO  com.configuration.Base (BaseTest.java:24)- starting setUp
2022-03-31 17:36:28,867 [TestNG-test=Test2-1] INFO  com.configuration.Base (Base.java:92)- ending initialisation
2022-03-31 17:36:28,867 [TestNG-test=Test2-1] INFO  com.configuration.Base (BaseTest.java:28)- ending setUp
2022-03-31 17:36:28,870 [TestNG-test=Test2-1] INFO  com.configuration.Base (HomeTest.java:19)- starting homePageLogoTest
2022-03-31 17:36:31,044 [TestNG-test=Test2-2] INFO  com.configuration.Base (Base.java:92)- ending initialisation
2022-03-31 17:36:31,046 [TestNG-test=Test2-2] INFO  com.configuration.Base (BaseTest.java:28)- ending setUp
2022-03-31 17:36:31,050 [TestNG-test=Test2-2] INFO  com.configuration.Base (HomeTest.java:11)- starting homePageTitleTest
2022-03-31 17:36:37,526 [TestNG-test=Test2-1] INFO  com.configuration.Base (HomeTest.java:23)- ending homePageLogoTest
2022-03-31 17:36:37,531 [TestNG-test=Test2-1] INFO  com.configuration.Base (BaseTest.java:33)- starting tearDown
2022-03-31 17:36:37,604 [TestNG-test=Test2-1] INFO  com.configuration.Base (BaseTest.java:35)- ending tearDown
2022-03-31 17:36:38,476 [TestNG-test=Test2-2] INFO  com.configuration.Base (HomeTest.java:15)- ending homePageTitleTest
2022-03-31 17:36:38,480 [TestNG-test=Test2-2] INFO  com.configuration.Base (BaseTest.java:33)- starting tearDown
2022-03-31 17:36:38,558 [TestNG-test=Test2-2] INFO  com.configuration.Base (BaseTest.java:35)- ending tearDown
2022-03-31 17:36:38,623 [main] INFO  com.configuration.Base (BaseTest.java:40)- starting sendEmailWithExtentReport
2022-03-31 17:37:38,100 [TestNG-test=Test-1] INFO  com.configuration.Base (BaseTest.java:24)- starting setUp
2022-03-31 17:37:38,100 [TestNG-test=Test-2] INFO  com.configuration.Base (BaseTest.java:24)- starting setUp
2022-03-31 17:37:52,564 [TestNG-test=Test-2] INFO  com.configuration.Base (Base.java:92)- ending initialisation
2022-03-31 17:37:52,567 [TestNG-test=Test-2] INFO  com.configuration.Base (BaseTest.java:28)- ending setUp
2022-03-31 17:37:52,611 [TestNG-test=Test-2] INFO  com.configuration.Base (LoginTest.java:18)- starting verifyLoginTest
2022-03-31 17:37:53,703 [TestNG-test=Test-3] INFO  com.configuration.Base (Base.java:92)- ending initialisation
2022-03-31 17:37:53,705 [TestNG-test=Test-3] INFO  com.configuration.Base (BaseTest.java:28)- ending setUp
2022-03-31 17:37:53,712 [TestNG-test=Test-3] INFO  com.configuration.Base (HomeTest.java:19)- starting homePageLogoTest
2022-03-31 17:37:54,940 [TestNG-test=Test-2] INFO  com.configuration.Base (LoginTest.java:24)- ending verifyLoginTest
2022-03-31 17:37:54,947 [TestNG-test=Test-2] INFO  com.configuration.Base (BaseTest.java:33)- starting tearDown
2022-03-31 17:37:55,046 [TestNG-test=Test-2] INFO  com.configuration.Base (BaseTest.java:35)- ending tearDown
2022-03-31 17:37:55,067 [TestNG-test=Test-1] INFO  com.configuration.Base (Base.java:92)- ending initialisation
2022-03-31 17:37:55,068 [TestNG-test=Test-1] INFO  com.configuration.Base (BaseTest.java:28)- ending setUp
2022-03-31 17:37:55,072 [TestNG-test=Test-1] INFO  com.configuration.Base (LoginTest.java:11)- starting verifyForgotPasswordButtonTest
2022-03-31 17:37:55,130 [TestNG-test=Test-1] INFO  com.configuration.Base (LoginTest.java:14)- ending verifyForgotPasswordButtonTest
2022-03-31 17:37:55,133 [TestNG-test=Test-1] INFO  com.configuration.Base (BaseTest.java:33)- starting tearDown
2022-03-31 17:37:55,210 [TestNG-test=Test-1] INFO  com.configuration.Base (BaseTest.java:35)- ending tearDown
2022-03-31 17:38:01,692 [TestNG-test=Test-3] INFO  com.configuration.Base (HomeTest.java:23)- ending homePageLogoTest
2022-03-31 17:38:01,976 [main] INFO  com.configuration.Base (BaseTest.java:40)- starting sendEmailWithExtentReport
2022-03-31 17:38:54,104 [TestNG-test=Test-4] INFO  com.configuration.Base (BaseTest.java:24)- starting setUp
2022-03-31 17:38:54,104 [TestNG-test=Test-3] INFO  com.configuration.Base (BaseTest.java:24)- starting setUp
2022-03-31 17:39:06,396 [TestNG-test=Test-4] INFO  com.configuration.Base (Base.java:92)- ending initialisation
2022-03-31 17:39:06,400 [TestNG-test=Test-4] INFO  com.configuration.Base (BaseTest.java:28)- ending setUp
2022-03-31 17:39:06,462 [TestNG-test=Test-4] INFO  com.configuration.Base (HomeTest.java:11)- starting homePageTitleTest
2022-03-31 17:39:10,098 [TestNG-test=Test-3] INFO  com.configuration.Base (Base.java:92)- ending initialisation
2022-03-31 17:39:10,101 [TestNG-test=Test-3] INFO  com.configuration.Base (BaseTest.java:28)- ending setUp
2022-03-31 17:39:10,111 [TestNG-test=Test-3] INFO  com.configuration.Base (HomeTest.java:19)- starting homePageLogoTest
2022-03-31 17:39:10,647 [TestNG-test=Test-1] INFO  com.configuration.Base (Base.java:92)- ending initialisation
2022-03-31 17:39:10,653 [TestNG-test=Test-1] INFO  com.configuration.Base (BaseTest.java:28)- ending setUp
2022-03-31 17:39:10,659 [TestNG-test=Test-1] INFO  com.configuration.Base (LoginTest.java:11)- starting verifyForgotPasswordButtonTest
2022-03-31 17:39:10,715 [TestNG-test=Test-1] INFO  com.configuration.Base (LoginTest.java:14)- ending verifyForgotPasswordButtonTest
2022-03-31 17:39:10,724 [TestNG-test=Test-1] INFO  com.configuration.Base (BaseTest.java:33)- starting tearDown
2022-03-31 17:39:10,823 [TestNG-test=Test-1] INFO  com.configuration.Base (BaseTest.java:35)- ending tearDown
2022-03-31 17:39:11,698 [TestNG-test=Test-2] INFO  com.configuration.Base (Base.java:92)- ending initialisation
2022-03-31 17:39:11,702 [TestNG-test=Test-2] INFO  com.configuration.Base (BaseTest.java:28)- ending setUp
2022-03-31 17:39:11,707 [TestNG-test=Test-2] INFO  com.configuration.Base (LoginTest.java:18)- starting verifyLoginTest
2022-03-31 17:39:15,513 [TestNG-test=Test-2] INFO  com.configuration.Base (LoginTest.java:24)- ending verifyLoginTest
2022-03-31 17:39:15,520 [TestNG-test=Test-2] INFO  com.configuration.Base (BaseTest.java:33)- starting tearDown
2022-03-31 17:39:15,648 [TestNG-test=Test-2] INFO  com.configuration.Base (BaseTest.java:35)- ending tearDown
2022-03-31 17:39:16,609 [TestNG-test=Test-4] INFO  com.configuration.Base (HomeTest.java:15)- ending homePageTitleTest
2022-03-31 17:39:16,612 [TestNG-test=Test-4] INFO  com.configuration.Base (BaseTest.java:33)- starting tearDown
2022-03-31 17:39:16,698 [TestNG-test=Test-4] INFO  com.configuration.Base (BaseTest.java:35)- ending tearDown
2022-03-31 17:39:20,431 [TestNG-test=Test-3] INFO  com.configuration.Base (HomeTest.java:23)- ending homePageLogoTest
2022-03-31 17:39:20,434 [TestNG-test=Test-3] INFO  com.configuration.Base (BaseTest.java:33)- starting tearDown
2022-03-31 17:39:20,514 [TestNG-test=Test-3] INFO  com.configuration.Base (BaseTest.java:35)- ending tearDown
2022-03-31 17:39:20,848 [main] INFO  com.configuration.Base (BaseTest.java:40)- starting sendEmailWithExtentReport
2022-03-31 18:26:57,604 [TestNG-test=Test-3] INFO  com.configuration.Base (BaseTest.java:24)- starting setUp
2022-03-31 18:26:57,604 [TestNG-test=Test-4] INFO  com.configuration.Base (BaseTest.java:24)- starting setUp
2022-03-31 18:27:08,487 [TestNG-test=Test-4] INFO  com.configuration.Base (Base.java:92)- ending initialisation
2022-03-31 18:27:08,491 [TestNG-test=Test-4] INFO  com.configuration.Base (BaseTest.java:28)- ending setUp
2022-03-31 18:27:08,536 [TestNG-test=Test-4] INFO  com.configuration.Base (HomeTest.java:11)- starting homePageTitleTest
2022-03-31 18:27:12,497 [TestNG-test=Test-3] INFO  com.configuration.Base (Base.java:92)- ending initialisation
2022-03-31 18:27:12,499 [TestNG-test=Test-3] INFO  com.configuration.Base (BaseTest.java:28)- ending setUp
2022-03-31 18:27:12,503 [TestNG-test=Test-3] INFO  com.configuration.Base (HomeTest.java:19)- starting homePageLogoTest
2022-03-31 18:27:14,767 [TestNG-test=Test-1] INFO  com.configuration.Base (Base.java:92)- ending initialisation
2022-03-31 18:27:14,769 [TestNG-test=Test-1] INFO  com.configuration.Base (BaseTest.java:28)- ending setUp
2022-03-31 18:27:14,772 [TestNG-test=Test-1] INFO  com.configuration.Base (LoginTest.java:11)- starting verifyForgotPasswordButtonTest
2022-03-31 18:27:14,842 [TestNG-test=Test-1] INFO  com.configuration.Base (LoginTest.java:14)- ending verifyForgotPasswordButtonTest
2022-03-31 18:27:14,846 [TestNG-test=Test-1] INFO  com.configuration.Base (BaseTest.java:33)- starting tearDown
2022-03-31 18:27:14,894 [TestNG-test=Test-2] INFO  com.configuration.Base (Base.java:92)- ending initialisation
2022-03-31 18:27:14,895 [TestNG-test=Test-2] INFO  com.configuration.Base (BaseTest.java:28)- ending setUp
2022-03-31 18:27:14,899 [TestNG-test=Test-2] INFO  com.configuration.Base (LoginTest.java:18)- starting verifyLoginTest
2022-03-31 18:27:14,925 [TestNG-test=Test-1] INFO  com.configuration.Base (BaseTest.java:35)- ending tearDown
2022-03-31 18:27:17,231 [TestNG-test=Test-4] INFO  com.configuration.Base (HomeTest.java:15)- ending homePageTitleTest
2022-03-31 18:27:17,234 [TestNG-test=Test-4] INFO  com.configuration.Base (BaseTest.java:33)- starting tearDown
2022-03-31 18:27:17,312 [TestNG-test=Test-4] INFO  com.configuration.Base (BaseTest.java:35)- ending tearDown
2022-03-31 18:27:17,391 [TestNG-test=Test-2] INFO  com.configuration.Base (LoginTest.java:24)- ending verifyLoginTest
2022-03-31 18:27:17,396 [TestNG-test=Test-2] INFO  com.configuration.Base (BaseTest.java:33)- starting tearDown
2022-03-31 18:27:17,477 [TestNG-test=Test-2] INFO  com.configuration.Base (BaseTest.java:35)- ending tearDown
2022-03-31 18:27:20,016 [TestNG-test=Test-3] INFO  com.configuration.Base (HomeTest.java:23)- ending homePageLogoTest
2022-03-31 18:27:20,017 [TestNG-test=Test-3] INFO  com.configuration.Base (BaseTest.java:33)- starting tearDown
2022-03-31 18:27:20,084 [TestNG-test=Test-3] INFO  com.configuration.Base (BaseTest.java:35)- ending tearDown
2022-03-31 18:27:20,373 [main] INFO  com.configuration.Base (BaseTest.java:40)- starting sendEmailWithExtentReport
