2021-12-18T19:38:22,668 [TestNG-test=Test-1] INFO  (BaseTest.java:25) - starting setUp
2021-12-18T19:38:22,668 [TestNG-test=Test-2] INFO  (BaseTest.java:25) - starting setUp
2021-12-18T19:38:22,668 [TestNG-test=Test-4] INFO  (BaseTest.java:25) - starting setUp
2021-12-18T19:38:22,668 [TestNG-test=Test-3] INFO  (BaseTest.java:25) - starting setUp
2021-12-18T19:38:38,961 [TestNG-test=Test-2] INFO  (Base.java:91) - ending initialisation
2021-12-18T19:38:38,968 [TestNG-test=Test-2] INFO  (BaseTest.java:29) - ending setUp
2021-12-18T19:38:38,984 [TestNG-test=Test-4] INFO  (Base.java:91) - ending initialisation
2021-12-18T19:38:38,986 [TestNG-test=Test-4] INFO  (BaseTest.java:29) - ending setUp
2021-12-18T19:38:39,016 [TestNG-test=Test-2] INFO  (LoginTest.java:18) - starting verifyLoginTest
2021-12-18T19:38:39,022 [TestNG-test=Test-4] INFO  (HomeTest.java:11) - starting homePageTitleTest
2021-12-18T19:38:39,030 [TestNG-test=Test-3] INFO  (Base.java:91) - ending initialisation
2021-12-18T19:38:39,032 [TestNG-test=Test-3] INFO  (BaseTest.java:29) - ending setUp
2021-12-18T19:38:39,038 [TestNG-test=Test-3] INFO  (HomeTest.java:19) - starting homePageLogoTest
2021-12-18T19:38:39,485 [TestNG-test=Test-1] INFO  (Base.java:91) - ending initialisation
2021-12-18T19:38:39,486 [TestNG-test=Test-1] INFO  (BaseTest.java:29) - ending setUp
2021-12-18T19:38:39,491 [TestNG-test=Test-1] INFO  (LoginTest.java:11) - starting verifyForgotPasswordButtonTest
2021-12-18T19:38:39,849 [TestNG-test=Test-1] INFO  (LoginTest.java:14) - ending verifyForgotPasswordButtonTest
2021-12-18T19:38:39,864 [TestNG-test=Test-1] INFO  (BaseTest.java:34) - starting tearDown
2021-12-18T19:38:40,951 [TestNG-test=Test-1] INFO  (BaseTest.java:36) - ending tearDown
2021-12-18T19:38:42,819 [TestNG-test=Test-2] INFO  (LoginTest.java:24) - ending verifyLoginTest
2021-12-18T19:38:42,829 [TestNG-test=Test-2] INFO  (BaseTest.java:34) - starting tearDown
2021-12-18T19:38:43,157 [TestNG-test=Test-2] INFO  (BaseTest.java:36) - ending tearDown
2021-12-18T19:38:45,951 [TestNG-test=Test-4] INFO  (HomeTest.java:15) - ending homePageTitleTest
2021-12-18T19:38:45,957 [TestNG-test=Test-4] INFO  (BaseTest.java:34) - starting tearDown
2021-12-18T19:38:46,109 [TestNG-test=Test-4] INFO  (BaseTest.java:36) - ending tearDown
2021-12-18T19:38:46,452 [TestNG-test=Test-3] INFO  (HomeTest.java:23) - ending homePageLogoTest
2021-12-18T19:38:46,455 [TestNG-test=Test-3] INFO  (BaseTest.java:34) - starting tearDown
2021-12-18T19:38:46,603 [TestNG-test=Test-3] INFO  (BaseTest.java:36) - ending tearDown
2021-12-18T19:38:47,503 [main] INFO  (BaseTest.java:41) - starting sendEmailWithExtentReport
2021-12-18T19:38:54,300 [main] INFO  (BaseTest.java:52) - ending sendEmailWithExtentReport
2021-12-18T19:42:19,450 [main] INFO  (BaseTest.java:25) - starting setUp
2021-12-18T19:42:29,986 [main] INFO  (Base.java:91) - ending initialisation
2021-12-18T19:42:29,990 [main] INFO  (BaseTest.java:29) - ending setUp
2021-12-18T19:42:30,005 [main] INFO  (LoginTest.java:11) - starting verifyForgotPasswordButtonTest
2021-12-18T19:42:30,086 [main] INFO  (LoginTest.java:14) - ending verifyForgotPasswordButtonTest
2021-12-18T19:42:30,103 [main] INFO  (BaseTest.java:34) - starting tearDown
2021-12-18T19:42:30,706 [main] INFO  (BaseTest.java:36) - ending tearDown
2021-12-18T19:42:30,747 [main] INFO  (BaseTest.java:41) - starting sendEmailWithExtentReport
2021-12-18T19:45:39,683 [TestNG-test=Test-2] INFO  (BaseTest.java:25) - starting setUp
2021-12-18T19:45:39,683 [TestNG-test=Test-3] INFO  (BaseTest.java:25) - starting setUp
2021-12-18T19:45:39,682 [TestNG-test=Test-4] INFO  (BaseTest.java:25) - starting setUp
2021-12-18T19:45:39,682 [TestNG-test=Test-1] INFO  (BaseTest.java:25) - starting setUp
2021-12-18T19:45:56,890 [TestNG-test=Test-1] INFO  (Base.java:91) - ending initialisation
2021-12-18T19:45:56,896 [TestNG-test=Test-1] INFO  (BaseTest.java:29) - ending setUp
2021-12-18T19:45:56,923 [TestNG-test=Test-1] INFO  (LoginTest.java:11) - starting verifyForgotPasswordButtonTest
2021-12-18T19:45:57,044 [TestNG-test=Test-2] INFO  (Base.java:91) - ending initialisation
2021-12-18T19:45:57,047 [TestNG-test=Test-2] INFO  (BaseTest.java:29) - ending setUp
2021-12-18T19:45:57,048 [TestNG-test=Test-1] INFO  (LoginTest.java:14) - ending verifyForgotPasswordButtonTest
2021-12-18T19:45:57,050 [TestNG-test=Test-2] INFO  (LoginTest.java:18) - starting verifyLoginTest
2021-12-18T19:45:57,056 [TestNG-test=Test-1] INFO  (BaseTest.java:34) - starting tearDown
2021-12-18T19:45:57,170 [TestNG-test=Test-1] INFO  (BaseTest.java:36) - ending tearDown
2021-12-18T19:45:57,456 [TestNG-test=Test-3] INFO  (Base.java:91) - ending initialisation
2021-12-18T19:45:57,459 [TestNG-test=Test-3] INFO  (BaseTest.java:29) - ending setUp
2021-12-18T19:45:57,460 [TestNG-test=Test-3] INFO  (HomeTest.java:19) - starting homePageLogoTest
2021-12-18T19:45:57,581 [TestNG-test=Test-4] INFO  (Base.java:91) - ending initialisation
2021-12-18T19:45:57,582 [TestNG-test=Test-4] INFO  (BaseTest.java:29) - ending setUp
2021-12-18T19:45:57,586 [TestNG-test=Test-4] INFO  (HomeTest.java:11) - starting homePageTitleTest
2021-12-18T19:45:59,400 [TestNG-test=Test-2] INFO  (LoginTest.java:24) - ending verifyLoginTest
2021-12-18T19:45:59,403 [TestNG-test=Test-2] INFO  (BaseTest.java:34) - starting tearDown
2021-12-18T19:45:59,454 [TestNG-test=Test-2] INFO  (BaseTest.java:36) - ending tearDown
2021-12-18T19:46:03,826 [TestNG-test=Test-3] INFO  (HomeTest.java:23) - ending homePageLogoTest
2021-12-18T19:46:03,829 [TestNG-test=Test-3] INFO  (BaseTest.java:34) - starting tearDown
2021-12-18T19:46:03,876 [TestNG-test=Test-3] INFO  (BaseTest.java:36) - ending tearDown
2021-12-18T19:46:04,256 [TestNG-test=Test-4] INFO  (HomeTest.java:15) - ending homePageTitleTest
2021-12-18T19:46:04,258 [TestNG-test=Test-4] INFO  (BaseTest.java:34) - starting tearDown
2021-12-18T19:46:04,303 [TestNG-test=Test-4] INFO  (BaseTest.java:36) - ending tearDown
2021-12-18T19:46:05,092 [main] INFO  (BaseTest.java:41) - starting sendEmailWithExtentReport
2021-12-18T19:46:12,274 [main] INFO  (BaseTest.java:52) - ending sendEmailWithExtentReport
2021-12-18T21:31:15,932 [TestNG-test=Test-1] INFO  (BaseTest.java:26) - starting setUp
2021-12-18T21:31:15,932 [TestNG-test=Test-2] INFO  (BaseTest.java:26) - starting setUp
2021-12-18T21:31:15,932 [TestNG-test=Test-4] INFO  (BaseTest.java:26) - starting setUp
2021-12-18T21:31:15,933 [TestNG-test=Test-3] INFO  (BaseTest.java:26) - starting setUp
2021-12-18T21:31:31,253 [TestNG-test=Test-1] INFO  (Base.java:92) - ending initialisation
2021-12-18T21:31:31,260 [TestNG-test=Test-1] INFO  (BaseTest.java:30) - ending setUp
2021-12-18T21:31:31,290 [TestNG-test=Test-1] INFO  (LoginTest.java:11) - starting verifyForgotPasswordButtonTest
2021-12-18T21:31:31,375 [TestNG-test=Test-1] INFO  (LoginTest.java:14) - ending verifyForgotPasswordButtonTest
2021-12-18T21:31:31,378 [TestNG-test=Test-3] INFO  (Base.java:92) - ending initialisation
2021-12-18T21:31:31,378 [TestNG-test=Test-2] INFO  (Base.java:92) - ending initialisation
2021-12-18T21:31:31,379 [TestNG-test=Test-3] INFO  (BaseTest.java:30) - ending setUp
2021-12-18T21:31:31,379 [TestNG-test=Test-2] INFO  (BaseTest.java:30) - ending setUp
2021-12-18T21:31:31,383 [TestNG-test=Test-3] INFO  (HomeTest.java:19) - starting homePageLogoTest
2021-12-18T21:31:31,393 [TestNG-test=Test-2] INFO  (LoginTest.java:18) - starting verifyLoginTest
2021-12-18T21:31:31,394 [TestNG-test=Test-1] INFO  (BaseTest.java:35) - starting tearDown
2021-12-18T21:31:31,545 [TestNG-test=Test-1] INFO  (BaseTest.java:37) - ending tearDown
2021-12-18T21:31:31,824 [TestNG-test=Test-4] INFO  (Base.java:92) - ending initialisation
2021-12-18T21:31:31,831 [TestNG-test=Test-4] INFO  (BaseTest.java:30) - ending setUp
2021-12-18T21:31:31,838 [TestNG-test=Test-4] INFO  (HomeTest.java:11) - starting homePageTitleTest
2021-12-18T21:31:33,763 [TestNG-test=Test-2] INFO  (LoginTest.java:24) - ending verifyLoginTest
2021-12-18T21:31:33,771 [TestNG-test=Test-2] INFO  (BaseTest.java:35) - starting tearDown
2021-12-18T21:31:33,868 [TestNG-test=Test-2] INFO  (BaseTest.java:37) - ending tearDown
2021-12-18T21:31:37,469 [TestNG-test=Test-3] INFO  (HomeTest.java:23) - ending homePageLogoTest
2021-12-18T21:31:37,471 [TestNG-test=Test-3] INFO  (BaseTest.java:35) - starting tearDown
2021-12-18T21:31:37,524 [TestNG-test=Test-3] INFO  (BaseTest.java:37) - ending tearDown
2021-12-18T21:31:37,739 [TestNG-test=Test-4] INFO  (HomeTest.java:15) - ending homePageTitleTest
2021-12-18T21:31:37,741 [TestNG-test=Test-4] INFO  (BaseTest.java:35) - starting tearDown
2021-12-18T21:31:37,800 [TestNG-test=Test-4] INFO  (BaseTest.java:37) - ending tearDown
2021-12-18T21:31:38,471 [main] INFO  (BaseTest.java:42) - starting sendEmailWithExtentReport
2021-12-18T21:31:46,614 [main] INFO  (BaseTest.java:53) - ending sendEmailWithExtentReport
2021-12-18T21:32:12,840 [main] INFO  (BaseTest.java:26) - starting setUp
2021-12-18T21:32:24,535 [main] INFO  (Base.java:92) - ending initialisation
2021-12-18T21:32:24,544 [main] INFO  (BaseTest.java:30) - ending setUp
2021-12-18T21:32:24,571 [main] INFO  (LoginTest.java:11) - starting verifyForgotPasswordButtonTest
2021-12-18T21:32:24,659 [main] INFO  (LoginTest.java:14) - ending verifyForgotPasswordButtonTest
2021-12-18T21:32:24,678 [main] INFO  (BaseTest.java:35) - starting tearDown
2021-12-18T21:32:24,895 [main] INFO  (BaseTest.java:37) - ending tearDown
2021-12-18T21:32:24,950 [main] INFO  (BaseTest.java:42) - starting sendEmailWithExtentReport
2021-12-18T21:37:40,936 [TestNG-test=Test-3] INFO  (BaseTest.java:26) - starting setUp
2021-12-18T21:37:40,936 [TestNG-test=Test-4] INFO  (BaseTest.java:26) - starting setUp
2021-12-18T21:37:40,934 [TestNG-test=Test-2] INFO  (BaseTest.java:26) - starting setUp
2021-12-18T21:37:40,936 [TestNG-test=Test-1] INFO  (BaseTest.java:26) - starting setUp
2021-12-18T21:37:56,663 [TestNG-test=Test-3] INFO  (Base.java:92) - ending initialisation
2021-12-18T21:37:57,297 [TestNG-test=Test-3] INFO  (BaseTest.java:30) - ending setUp
2021-12-18T21:37:58,042 [TestNG-test=Test-3] INFO  (HomeTest.java:19) - starting homePageLogoTest
2021-12-18T21:37:58,242 [TestNG-test=Test-1] INFO  (Base.java:92) - ending initialisation
2021-12-18T21:37:58,243 [TestNG-test=Test-1] INFO  (BaseTest.java:30) - ending setUp
2021-12-18T21:37:58,248 [TestNG-test=Test-1] INFO  (LoginTest.java:11) - starting verifyForgotPasswordButtonTest
2021-12-18T21:37:58,272 [TestNG-test=Test-4] INFO  (Base.java:92) - ending initialisation
2021-12-18T21:37:58,274 [TestNG-test=Test-4] INFO  (BaseTest.java:30) - ending setUp
2021-12-18T21:37:58,279 [TestNG-test=Test-4] INFO  (HomeTest.java:11) - starting homePageTitleTest
2021-12-18T21:37:58,606 [TestNG-test=Test-2] INFO  (Base.java:92) - ending initialisation
2021-12-18T21:37:58,608 [TestNG-test=Test-2] INFO  (BaseTest.java:30) - ending setUp
2021-12-18T21:37:58,610 [TestNG-test=Test-2] INFO  (LoginTest.java:18) - starting verifyLoginTest
2021-12-18T21:37:58,799 [TestNG-test=Test-1] INFO  (LoginTest.java:14) - ending verifyForgotPasswordButtonTest
2021-12-18T21:37:58,807 [TestNG-test=Test-1] INFO  (BaseTest.java:35) - starting tearDown
2021-12-18T21:38:04,227 [TestNG-test=Test-1] INFO  (BaseTest.java:37) - ending tearDown
2021-12-18T21:38:06,205 [TestNG-test=Test-2] INFO  (LoginTest.java:24) - ending verifyLoginTest
2021-12-18T21:38:06,208 [TestNG-test=Test-2] INFO  (BaseTest.java:35) - starting tearDown
2021-12-18T21:38:09,622 [TestNG-test=Test-3] INFO  (HomeTest.java:23) - ending homePageLogoTest
2021-12-18T21:38:09,623 [TestNG-test=Test-3] INFO  (BaseTest.java:35) - starting tearDown
2021-12-18T21:38:09,907 [TestNG-test=Test-4] INFO  (HomeTest.java:15) - ending homePageTitleTest
2021-12-18T21:38:09,908 [TestNG-test=Test-4] INFO  (BaseTest.java:35) - starting tearDown
2021-12-18T21:38:10,020 [TestNG-test=Test-3] INFO  (BaseTest.java:37) - ending tearDown
2021-12-18T21:38:10,043 [TestNG-test=Test-4] INFO  (BaseTest.java:37) - ending tearDown
2021-12-18T21:38:10,445 [TestNG-test=Test-2] INFO  (BaseTest.java:37) - ending tearDown
2021-12-18T21:38:11,132 [main] INFO  (BaseTest.java:42) - starting sendEmailWithExtentReport
2021-12-18T21:38:17,980 [main] INFO  (BaseTest.java:53) - ending sendEmailWithExtentReport
