2021-12-20T20:01:34,050 [TestNG-test=Test-2] INFO  (BaseTest.java:24) - starting setUp
2021-12-20T20:01:34,050 [TestNG-test=Test-1] INFO  (BaseTest.java:24) - starting setUp
2021-12-20T20:01:54,297 [TestNG-test=Test-2] INFO  (Base.java:92) - ending initialisation
2021-12-20T20:01:54,308 [TestNG-test=Test-2] INFO  (BaseTest.java:28) - ending setUp
2021-12-20T20:01:54,313 [TestNG-test=Test-3] INFO  (Base.java:92) - ending initialisation
2021-12-20T20:01:54,317 [TestNG-test=Test-3] INFO  (BaseTest.java:28) - ending setUp
2021-12-20T20:01:54,361 [TestNG-test=Test-2] INFO  (LoginTest.java:18) - starting verifyLoginTest
2021-12-20T20:01:54,361 [TestNG-test=Test-3] INFO  (HomeTest.java:19) - starting homePageLogoTest
2021-12-20T20:01:54,477 [TestNG-test=Test-4] INFO  (Base.java:92) - ending initialisation
2021-12-20T20:01:54,478 [TestNG-test=Test-4] INFO  (BaseTest.java:28) - ending setUp
2021-12-20T20:01:54,481 [TestNG-test=Test-4] INFO  (HomeTest.java:11) - starting homePageTitleTest
2021-12-20T20:01:54,642 [TestNG-test=Test-1] INFO  (Base.java:92) - ending initialisation
2021-12-20T20:01:54,644 [TestNG-test=Test-1] INFO  (BaseTest.java:28) - ending setUp
2021-12-20T20:01:54,650 [TestNG-test=Test-1] INFO  (LoginTest.java:11) - starting verifyForgotPasswordButtonTest
2021-12-20T20:01:54,764 [TestNG-test=Test-1] INFO  (LoginTest.java:14) - ending verifyForgotPasswordButtonTest
2021-12-20T20:01:54,773 [TestNG-test=Test-1] INFO  (BaseTest.java:33) - starting tearDown
2021-12-20T20:01:55,142 [TestNG-test=Test-1] INFO  (BaseTest.java:35) - ending tearDown
2021-12-20T20:01:56,669 [TestNG-test=Test-2] INFO  (LoginTest.java:24) - ending verifyLoginTest
2021-12-20T20:01:56,672 [TestNG-test=Test-2] INFO  (BaseTest.java:33) - starting tearDown
2021-12-20T20:01:56,717 [TestNG-test=Test-2] INFO  (BaseTest.java:35) - ending tearDown
2021-12-20T20:02:00,444 [TestNG-test=Test-3] INFO  (HomeTest.java:23) - ending homePageLogoTest
2021-12-20T20:02:00,446 [TestNG-test=Test-3] INFO  (BaseTest.java:33) - starting tearDown
2021-12-20T20:02:00,563 [TestNG-test=Test-3] INFO  (BaseTest.java:35) - ending tearDown
2021-12-20T20:02:00,591 [TestNG-test=Test-4] INFO  (HomeTest.java:15) - ending homePageTitleTest
2021-12-20T20:02:00,593 [TestNG-test=Test-4] INFO  (BaseTest.java:33) - starting tearDown
2021-12-20T20:02:00,632 [TestNG-test=Test-4] INFO  (BaseTest.java:35) - ending tearDown
2021-12-20T20:02:01,359 [main] INFO  (BaseTest.java:40) - starting sendEmailWithExtentReport
2021-12-20T20:02:08,938 [main] INFO  (BaseTest.java:51) - ending sendEmailWithExtentReport
