2021-12-20 20:43:12,365  INFO [TestNG-test=Test-3] (BaseTest.java:24) - starting setUp
2021-12-20 20:43:12,365  INFO [TestNG-test=Test-4] (BaseTest.java:24) - starting setUp
2021-12-20 20:43:31,847  INFO [TestNG-test=Test-3] (Base.java:92) - ending initialisation
2021-12-20 20:43:31,872  INFO [TestNG-test=Test-4] (Base.java:92) - ending initialisation
2021-12-20 20:43:31,874  INFO [TestNG-test=Test-3] (BaseTest.java:28) - ending setUp
2021-12-20 20:43:31,876  INFO [TestNG-test=Test-4] (BaseTest.java:28) - ending setUp
2021-12-20 20:43:31,927  INFO [TestNG-test=Test-1] (Base.java:92) - ending initialisation
2021-12-20 20:43:31,928  INFO [TestNG-test=Test-1] (BaseTest.java:28) - ending setUp
2021-12-20 20:43:33,618  INFO [TestNG-test=Test-4] (HomeTest.java:11) - starting homePageTitleTest
2021-12-20 20:43:33,619  INFO [TestNG-test=Test-3] (HomeTest.java:19) - starting homePageLogoTest
2021-12-20 20:43:33,621  INFO [TestNG-test=Test-1] (LoginTest.java:11) - starting verifyForgotPasswordButtonTest
2021-12-20 20:43:33,953  INFO [TestNG-test=Test-2] (Base.java:92) - ending initialisation
2021-12-20 20:43:33,955  INFO [TestNG-test=Test-2] (BaseTest.java:28) - ending setUp
2021-12-20 20:43:33,962  INFO [TestNG-test=Test-2] (LoginTest.java:18) - starting verifyLoginTest
2021-12-20 20:43:34,062  INFO [TestNG-test=Test-1] (LoginTest.java:14) - ending verifyForgotPasswordButtonTest
2021-12-20 20:43:34,089  INFO [TestNG-test=Test-1] (BaseTest.java:33) - starting tearDown
2021-12-20 20:43:35,093  INFO [TestNG-test=Test-1] (BaseTest.java:35) - ending tearDown
2021-12-20 20:43:36,829  INFO [TestNG-test=Test-2] (LoginTest.java:24) - ending verifyLoginTest
2021-12-20 20:43:36,836  INFO [TestNG-test=Test-2] (BaseTest.java:33) - starting tearDown
2021-12-20 20:43:37,473  INFO [TestNG-test=Test-2] (BaseTest.java:35) - ending tearDown
2021-12-20 20:43:40,212  INFO [TestNG-test=Test-3] (HomeTest.java:23) - ending homePageLogoTest
2021-12-20 20:43:40,218  INFO [TestNG-test=Test-3] (BaseTest.java:33) - starting tearDown
2021-12-20 20:43:40,467  INFO [TestNG-test=Test-4] (HomeTest.java:15) - ending homePageTitleTest
2021-12-20 20:43:40,478  INFO [TestNG-test=Test-4] (BaseTest.java:33) - starting tearDown
2021-12-20 20:43:40,699  INFO [TestNG-test=Test-4] (BaseTest.java:35) - ending tearDown
2021-12-20 20:43:40,826  INFO [TestNG-test=Test-3] (BaseTest.java:35) - ending tearDown
2021-12-20 20:43:41,755  INFO [main] (BaseTest.java:40) - starting sendEmailWithExtentReport
2021-12-20 20:43:49,810  INFO [main] (BaseTest.java:51) - ending sendEmailWithExtentReport
2021-12-20 20:47:25,187  INFO [TestNG-test=Test-2] (BaseTest.java:24) - starting setUp
2021-12-20 20:47:25,187  INFO [TestNG-test=Test-1] (BaseTest.java:24) - starting setUp
2021-12-20 20:47:38,950  INFO [TestNG-test=Test-1] (Base.java:92) - ending initialisation
2021-12-20 20:47:38,956  INFO [TestNG-test=Test-1] (BaseTest.java:28) - ending setUp
2021-12-20 20:47:39,015  INFO [TestNG-test=Test-1] (LoginTest.java:11) - starting verifyForgotPasswordButtonTest
2021-12-20 20:47:39,227  INFO [TestNG-test=Test-2] (Base.java:92) - ending initialisation
2021-12-20 20:47:39,229  INFO [TestNG-test=Test-2] (BaseTest.java:28) - ending setUp
2021-12-20 20:47:39,234  INFO [TestNG-test=Test-2] (LoginTest.java:18) - starting verifyLoginTest
2021-12-20 20:47:39,292  INFO [TestNG-test=Test-1] (LoginTest.java:14) - ending verifyForgotPasswordButtonTest
2021-12-20 20:47:39,298  INFO [TestNG-test=Test-1] (BaseTest.java:33) - starting tearDown
2021-12-20 20:47:39,416  INFO [TestNG-test=Test-1] (BaseTest.java:35) - ending tearDown
2021-12-20 20:47:39,526  INFO [TestNG-test=Test-4] (Base.java:92) - ending initialisation
2021-12-20 20:47:39,529  INFO [TestNG-test=Test-4] (BaseTest.java:28) - ending setUp
2021-12-20 20:47:39,531  INFO [TestNG-test=Test-4] (HomeTest.java:11) - starting homePageTitleTest
2021-12-20 20:47:39,696  INFO [TestNG-test=Test-3] (Base.java:92) - ending initialisation
2021-12-20 20:47:39,699  INFO [TestNG-test=Test-3] (BaseTest.java:28) - ending setUp
2021-12-20 20:47:39,701  INFO [TestNG-test=Test-3] (HomeTest.java:19) - starting homePageLogoTest
2021-12-20 20:47:41,673  INFO [TestNG-test=Test-2] (LoginTest.java:24) - ending verifyLoginTest
2021-12-20 20:47:41,676  INFO [TestNG-test=Test-2] (BaseTest.java:33) - starting tearDown
2021-12-20 20:47:41,714  INFO [TestNG-test=Test-2] (BaseTest.java:35) - ending tearDown
2021-12-20 20:47:45,380  INFO [TestNG-test=Test-3] (HomeTest.java:23) - ending homePageLogoTest
2021-12-20 20:47:45,382  INFO [TestNG-test=Test-3] (BaseTest.java:33) - starting tearDown
2021-12-20 20:47:45,509  INFO [TestNG-test=Test-4] (HomeTest.java:15) - ending homePageTitleTest
2021-12-20 20:47:45,511  INFO [TestNG-test=Test-4] (BaseTest.java:33) - starting tearDown
2021-12-20 20:47:45,545  INFO [TestNG-test=Test-3] (BaseTest.java:35) - ending tearDown
2021-12-20 20:47:45,602  INFO [TestNG-test=Test-4] (BaseTest.java:35) - ending tearDown
2021-12-20 20:47:46,175  INFO [main] (BaseTest.java:40) - starting sendEmailWithExtentReport
2021-12-20 20:47:56,285  INFO [main] (BaseTest.java:51) - ending sendEmailWithExtentReport
